<?xml version="1.0" encoding="UTF-8"?>
<!-- Generated by org.testng.reporters.JUnitReportReporter -->
<testsuite hostname="DESKTOP-RI8D5JB" failures="0" tests="1" name="Com.SauceDemo.TestClassess.TC08verifyAbleToFilterOrNot" time="3.560" errors="0" timestamp="2022-05-29T13:52:37 IST" skipped="0">
  <testcase classname="Com.SauceDemo.TestClassess.TC08verifyAbleToFilterOrNot" name="filterButton" time="3.560"/>
  <system-out/>
</testsuite> <!-- Com.SauceDemo.TestClassess.TC08verifyAbleToFilterOrNot -->
