<?xml version="1.0" encoding="UTF-8"?>
<!-- Generated by org.testng.reporters.JUnitReportReporter -->
<testsuite hostname="DESKTOP-RI8D5JB" failures="0" tests="3" name="Com.SauceDemo.TestClassess.TC01LoginFunctionality" time="11.517" errors="0" timestamp="2022-05-31T14:34:15 IST" skipped="0">
  <testcase classname="Com.SauceDemo.TestClassess.TC01LoginFunctionality" name="loginFunctionality" time="4.392"/>
  <system-out/>
  <testcase classname="Com.SauceDemo.TestClassess.TC01LoginFunctionality" name="loginFunctionality" time="3.416"/>
  <system-out/>
  <testcase classname="Com.SauceDemo.TestClassess.TC01LoginFunctionality" name="loginFunctionality" time="3.709"/>
  <system-out/>
</testsuite> <!-- Com.SauceDemo.TestClassess.TC01LoginFunctionality -->
