<?xml version="1.0" encoding="UTF-8"?>
<!-- Generated by org.testng.reporters.JUnitReportReporter -->
<testsuite hostname="DESKTOP-RI8D5JB" failures="0" tests="3" name="Com.SauceDemo.TestClassess.TC02verifySingleProductSelectOrNot" time="20.029" errors="0" timestamp="2022-05-31T14:34:15 IST" skipped="0">
  <testcase classname="Com.SauceDemo.TestClassess.TC02verifySingleProductSelectOrNot" name="singleProduct" time="5.237"/>
  <system-out/>
  <testcase classname="Com.SauceDemo.TestClassess.TC02verifySingleProductSelectOrNot" name="singleProduct" time="8.204"/>
  <system-out/>
  <testcase classname="Com.SauceDemo.TestClassess.TC02verifySingleProductSelectOrNot" name="singleProduct" time="6.588"/>
  <system-out/>
</testsuite> <!-- Com.SauceDemo.TestClassess.TC02verifySingleProductSelectOrNot -->
