<?xml version="1.0" encoding="UTF-8"?>
<!-- Generated by org.testng.reporters.JUnitReportReporter -->
<testsuite hostname="DESKTOP-RI8D5JB" failures="0" tests="1" name="Com.SauceDemo.TestClassess.TC05verifyAbleToAddAllProductInCart" time="4.873" errors="0" timestamp="2022-05-29T13:52:37 IST" skipped="0">
  <testcase classname="Com.SauceDemo.TestClassess.TC05verifyAbleToAddAllProductInCart" name="addAllProduct" time="4.873"/>
  <system-out/>
</testsuite> <!-- Com.SauceDemo.TestClassess.TC05verifyAbleToAddAllProductInCart -->
